[2024-12-26 00:14:56][INFO] Downloading 'https://piston-data.mojang.com/v1/objects/0e9a07b9bb3390602f977073aa12884a4ce12431/client.jar' to 'bluemap/minecraft-client-1.21.jar'...
[2024-12-26 00:14:57][INFO] Loading resources...
[2024-12-26 00:14:57][FINE] Loading resources from: bluemap/resourceExtensions.zip ...
[2024-12-26 00:14:58][FINE] Loading resources from: bluemap/minecraft-client-1.21.jar ...
[2024-12-26 00:14:58][INFO] Loading textures...
[2024-12-26 00:14:58][FINE] Loading textures from: bluemap/resourceExtensions.zip ...
[2024-12-26 00:14:58][FINE] Loading textures from: bluemap/minecraft-client-1.21.jar ...
[2024-12-26 00:15:00][INFO] Baking resources...
[2024-12-26 00:15:00][INFO] Resources loaded.
[2024-12-26 00:15:00][FINE] Loading world world#minecraft:overworld ...
[2024-12-26 00:15:00][FINE] Loading datapack...
[2024-12-26 00:15:00][FINE] Loading datapack from: world/datapacks/bukkit ...
[2024-12-26 00:15:00][FINE] Loading datapack from: bluemap/resourceExtensions.zip ...
[2024-12-26 00:15:00][FINE] Loading datapack from: bluemap/minecraft-client-1.21.jar ...
[2024-12-26 00:15:00][FINE] Baking datapack...
[2024-12-26 00:15:00][FINE] Datapack loaded.
[2024-12-26 00:15:00][INFO] Initializing Storage: 'file' (Type: 'bluemap:file')
[2024-12-26 00:15:00][INFO] Loading map 'world'...
[2024-12-26 00:15:00][FINE] Loading render-state for map 'world'
[2024-12-26 00:15:00][FINE] Loading textures for map 'world'
[2024-12-26 00:15:00][FINE] Loading world world_the_end#minecraft:the_end ...
[2024-12-26 00:15:00][FINE] Loading datapack...
[2024-12-26 00:15:00][FINE] Loading datapack from: bluemap/resourceExtensions.zip ...
[2024-12-26 00:15:00][FINE] Loading datapack from: bluemap/minecraft-client-1.21.jar ...
[2024-12-26 00:15:00][FINE] Baking datapack...
[2024-12-26 00:15:00][FINE] Datapack loaded.
[2024-12-26 00:15:00][INFO] Loading map 'world_the_end'...
[2024-12-26 00:15:00][FINE] Loading render-state for map 'world_the_end'
[2024-12-26 00:15:00][FINE] Loading textures for map 'world_the_end'
[2024-12-26 00:15:00][FINE] Loading world world_nether#minecraft:the_nether ...
[2024-12-26 00:15:00][FINE] Loading datapack...
[2024-12-26 00:15:00][FINE] Loading datapack from: bluemap/resourceExtensions.zip ...
[2024-12-26 00:15:00][FINE] Loading datapack from: bluemap/minecraft-client-1.21.jar ...
[2024-12-26 00:15:00][FINE] Baking datapack...
[2024-12-26 00:15:00][FINE] Datapack loaded.
[2024-12-26 00:15:00][INFO] Loading map 'world_nether'...
[2024-12-26 00:15:00][FINE] Loading render-state for map 'world_nether'
[2024-12-26 00:15:00][FINE] Loading textures for map 'world_nether'
[2024-12-26 00:15:00][WARNING] 
################################
 There is a problem with your BlueMap setup!
 BlueMap failed to bind to the configured address.
 This usually happens when the configured port (25565) is already in use by some other program.
################################
[2024-12-26 00:15:00][SEVERE] Failed to load!
java.io.IOException: de.bluecolored.bluemap.common.config.ConfigurationException: java.net.BindException: Address already in use
	at bluemap-5.5-paper.jar//de.bluecolored.bluemap.common.plugin.Plugin.load(Plugin.java:383)
	at bluemap-5.5-paper.jar//de.bluecolored.bluemap.common.plugin.Plugin.load(Plugin.java:113)
	at bluemap-5.5-paper.jar//de.bluecolored.bluemap.bukkit.BukkitPlugin.lambda$onEnable$0(BukkitPlugin.java:136)
	at java.base/java.lang.Thread.run(Thread.java:1583)
Caused by: de.bluecolored.bluemap.common.config.ConfigurationException: java.net.BindException: Address already in use
	at bluemap-5.5-paper.jar//de.bluecolored.bluemap.common.plugin.Plugin.load(Plugin.java:247)
	... 3 more
Caused by: java.net.BindException: Address already in use
	at java.base/sun.nio.ch.Net.bind0(Native Method)
	at java.base/sun.nio.ch.Net.bind(Net.java:565)
	at java.base/sun.nio.ch.ServerSocketChannelImpl.netBind(ServerSocketChannelImpl.java:344)
	at java.base/sun.nio.ch.ServerSocketChannelImpl.bind(ServerSocketChannelImpl.java:301)
	at java.base/java.nio.channels.ServerSocketChannel.bind(ServerSocketChannel.java:224)
	at bluemap-5.5-paper.jar//de.bluecolored.bluemap.common.web.http.Server.bind(Server.java:54)
	at bluemap-5.5-paper.jar//de.bluecolored.bluemap.common.plugin.Plugin.load(Plugin.java:237)
	... 3 more

