[06:08:11] [ServerMain/INFO]: [bootstrap] Running Java 21 (OpenJDK 64-Bit Server VM 21.0.5+11-Ubuntu-1ubuntu120.04; Ubuntu null) on Linux 6.5.0-1025-azure (amd64)
[06:08:11] [ServerMain/INFO]: [bootstrap] Loading Paper 1.21-130-master@b1b5d4c (2024-08-10T10:02:42Z) for Minecraft 1.21
[06:08:12] [ServerMain/INFO]: [PluginInitializerManager] Initializing plugins...
[06:08:12] [ServerMain/INFO]: [PluginInitializerManager] Initialized 5 plugins
[06:08:12] [ServerMain/INFO]: [PluginInitializerManager] Bukkit plugins (5):
 - Chunky (1.4.28), DamageIndicator (2.1.3), ImageFrame (1.7.9.0), SetHome (6.2.3), voicechat (2.5.25)
[06:08:16] [ServerMain/INFO]: Environment: Environment[sessionHost=https://sessionserver.mojang.com, servicesHost=https://api.minecraftservices.com, name=PROD]
[06:08:18] [ServerMain/INFO]: Loaded 1290 recipes
[06:08:18] [ServerMain/INFO]: Loaded 1399 advancements
[06:08:18] [Server thread/INFO]: Starting minecraft server version 1.21
[06:08:19] [Server thread/INFO]: Loading properties
[06:08:19] [Server thread/INFO]: This server is running Paper version 1.21-130-master@b1b5d4c (2024-08-10T10:02:42Z) (Implementing API version 1.21-R0.1-SNAPSHOT)
[06:08:19] [Server thread/INFO]: [spark] This server bundles the spark profiler. For more information please visit https://docs.papermc.io/paper/profiling
[06:08:19] [Server thread/INFO]: Server Ping Player Sample Count: 12
[06:08:19] [Server thread/INFO]: Using 4 threads for Netty based IO
[06:08:20] [Server thread/INFO]: [ChunkTaskScheduler] Chunk system is using 1 I/O threads, 1 worker threads, and population gen parallelism of 1 threads
[06:08:20] [Server thread/INFO]: Default game type: SURVIVAL
[06:08:20] [Server thread/INFO]: Generating keypair
[06:08:20] [Server thread/INFO]: Starting Minecraft server on *:25565
[06:08:20] [Server thread/INFO]: Using epoll channel type
[06:08:20] [Server thread/INFO]: Paper: Using libdeflate (Linux x86_64) compression from Velocity.
[06:08:20] [Server thread/INFO]: Paper: Using OpenSSL 1.1.x (Linux x86_64) cipher from Velocity.
[06:08:21] [Server thread/INFO]: [ImageFrame] Loading server plugin ImageFrame v1.7.9.0
[06:08:21] [Server thread/INFO]: [SetHome] Loading server plugin SetHome v6.2.3
[06:08:21] [Server thread/INFO]: [DamageIndicator] Loading server plugin DamageIndicator v2.1.3
[06:08:21] [Server thread/INFO]: [voicechat] Loading server plugin voicechat v2.5.25
[06:08:21] [Server thread/INFO]: [Chunky] Loading server plugin Chunky v1.4.28
[06:08:21] [Server thread/INFO]: Server permissions file permissions.yml is empty, ignoring it
[06:08:21] [Server thread/WARN]: **** SERVER IS RUNNING IN OFFLINE/INSECURE MODE!
[06:08:21] [Server thread/WARN]: The server will make no attempt to authenticate usernames. Beware.
[06:08:21] [Server thread/WARN]: While this makes the game possible to play without internet access, it also opens up the ability for hackers to connect with any username they choose.
[06:08:21] [Server thread/WARN]: To change this, set "online-mode" to "true" in the server.properties file.
[06:08:21] [Server thread/INFO]: Preparing level "world"
[06:08:21] [Server thread/INFO]: Preparing start region for dimension minecraft:overworld
[06:08:23] [Server thread/INFO]: Time elapsed: 1421 ms
[06:08:23] [Server thread/INFO]: Preparing start region for dimension minecraft:the_nether
[06:08:23] [Server thread/INFO]: Time elapsed: 239 ms
[06:08:23] [Server thread/INFO]: Preparing start region for dimension minecraft:the_end
[06:08:23] [Server thread/INFO]: Time elapsed: 103 ms
[06:08:23] [Server thread/INFO]: [ImageFrame] Enabling ImageFrame v1.7.9.0
[06:08:25] [Server thread/INFO]: [ImageFrame] ImageFrame has been Enabled!
[06:08:25] [Server thread/INFO]: [SetHome] Enabling SetHome v6.2.3
[06:08:25] [Server thread/INFO]: [DamageIndicator] Enabling DamageIndicator v2.1.3
[06:08:25] [Server thread/ERROR]: Error occurred while enabling DamageIndicator v2.1.3 (Is it up to date?)
java.lang.RuntimeException: Failed to create version specific server accessor
	at DamageIndicator.jar/io.github.magiccheese1.damageindicator.DamageIndicatorImpl.onEnable(DamageIndicatorImpl.java:79) ~[DamageIndicator.jar:?]
	at org.bukkit.plugin.java.JavaPlugin.setEnabled(JavaPlugin.java:288) ~[paper-api-1.21-R0.1-SNAPSHOT.jar:?]
	at io.papermc.paper.plugin.manager.PaperPluginInstanceManager.enablePlugin(PaperPluginInstanceManager.java:202) ~[paper-1.21.jar:1.21-130-b1b5d4c]
	at io.papermc.paper.plugin.manager.PaperPluginManagerImpl.enablePlugin(PaperPluginManagerImpl.java:109) ~[paper-1.21.jar:1.21-130-b1b5d4c]
	at org.bukkit.plugin.SimplePluginManager.enablePlugin(SimplePluginManager.java:520) ~[paper-api-1.21-R0.1-SNAPSHOT.jar:?]
	at org.bukkit.craftbukkit.CraftServer.enablePlugin(CraftServer.java:640) ~[paper-1.21.jar:1.21-130-b1b5d4c]
	at org.bukkit.craftbukkit.CraftServer.enablePlugins(CraftServer.java:589) ~[paper-1.21.jar:1.21-130-b1b5d4c]
	at net.minecraft.server.MinecraftServer.loadWorld0(MinecraftServer.java:754) ~[paper-1.21.jar:1.21-130-b1b5d4c]
	at net.minecraft.server.MinecraftServer.loadLevel(MinecraftServer.java:516) ~[paper-1.21.jar:1.21-130-b1b5d4c]
	at net.minecraft.server.dedicated.DedicatedServer.initServer(DedicatedServer.java:329) ~[paper-1.21.jar:1.21-130-b1b5d4c]
	at net.minecraft.server.MinecraftServer.runServer(MinecraftServer.java:1215) ~[paper-1.21.jar:1.21-130-b1b5d4c]
	at net.minecraft.server.MinecraftServer.lambda$spin$0(MinecraftServer.java:330) ~[paper-1.21.jar:1.21-130-b1b5d4c]
	at java.base/java.lang.Thread.run(Thread.java:1583) ~[?:?]
[06:08:25] [Server thread/INFO]: [DamageIndicator] Disabling DamageIndicator v2.1.3
[06:08:25] [Server thread/INFO]: [voicechat] Enabling voicechat v2.5.25
[06:08:25] [Server thread/INFO]: [voicechat] Initializing compatibility for Bukkit version 1.21-R0.1
[06:08:25] [Server thread/INFO]: [voicechat] Compatibility version 18
[06:08:25] [Server thread/INFO]: [voicechat] Successfully initialized commodore command completion
[06:08:25] [Server thread/INFO]: [Chunky] Enabling Chunky v1.4.28
[06:08:25] [Server thread/INFO]: [spark] Starting background profiler...
[06:08:26] [Server thread/INFO]: Done preparing level "world" (4.943s)
[06:08:26] [Server thread/INFO]: Running delayed init tasks
[06:08:26] [Server thread/INFO]: Done (14.976s)! For help, type "help"
[06:08:26] [Server thread/INFO]: Timings Reset
[06:08:26] [Craft Scheduler Thread - 0 - ImageFrame/INFO]: [ImageFrame] Data loading completed! Loaded 0 ImageMaps!
[06:08:26] [Server thread/INFO]: [voicechat] Loading plugins
[06:08:26] [Server thread/INFO]: [voicechat] Loaded 0 plugin(s)
[06:08:26] [Server thread/INFO]: [voicechat] Initializing plugins
[06:08:26] [Server thread/INFO]: [voicechat] Initialized 0 plugin(s)
[06:08:26] [Server thread/WARN]: [voicechat] Running in offline mode - Voice chat encryption is not secure!
[06:08:26] [VoiceChatServerThread/INFO]: [voicechat] Voice chat server started at 192.168.195.96:24454
[06:08:52] [User Authenticator #0/INFO]: UUID of player Narutouz201107 is bf672c44-8162-3596-925c-db4621d87093
[06:08:53] [Server thread/INFO]: Narutouz201107 joined the game
[06:08:53] [Server thread/INFO]: Narutouz201107[/192.168.195.27:15918] logged in with entity id 19 at ([world]-1228.2816725560526, 72.0, -106.31933043849014)
[06:08:53] [Server thread/INFO]: [voicechat] Received secret request of Narutouz201107 (18)
[06:08:53] [Server thread/INFO]: [voicechat] Sent secret to Narutouz201107
[06:08:53] [VoiceChatPacketProcessingThread/INFO]: [voicechat] Successfully authenticated player bf672c44-8162-3596-925c-db4621d87093
[06:08:54] [VoiceChatPacketProcessingThread/INFO]: [voicechat] Successfully validated connection of player bf672c44-8162-3596-925c-db4621d87093
[06:08:54] [VoiceChatPacketProcessingThread/INFO]: [voicechat] Player Narutouz201107 (bf672c44-8162-3596-925c-db4621d87093) successfully connected to voice chat
[06:09:46] [Server thread/INFO]: Narutouz201107 issued server command: /gamemode survival
[06:09:46] [Server thread/INFO]: [Narutouz201107: Set own game mode to Survival Mode]
[06:17:41] [Server thread/INFO]: Narutouz201107 issued server command: /time set day\
[06:17:45] [Server thread/INFO]: Narutouz201107 issued server command: /time set day
[06:17:45] [Server thread/INFO]: [Narutouz201107: Set the time to 1000]
[06:17:55] [Server thread/INFO]: Narutouz201107 issued server command: /gamemode creative
[06:17:55] [Server thread/INFO]: [Narutouz201107: Set own game mode to Creative Mode]
[06:18:59] [Server thread/INFO]: Narutouz201107 lost connection: Disconnected
[06:18:59] [Server thread/INFO]: [voicechat] Disconnecting client Narutouz201107
[06:18:59] [Server thread/INFO]: Narutouz201107 left the game
[06:19:20] [Server thread/INFO]: Stopping server
[06:19:20] [Server thread/INFO]: [Chunky] Disabling Chunky v1.4.28
[06:19:20] [Server thread/INFO]: [voicechat] Disabling voicechat v2.5.25
[06:19:20] [Server thread/INFO]: [SetHome] Disabling SetHome v6.2.3
[06:19:20] [Server thread/INFO]: [ImageFrame] Disabling ImageFrame v1.7.9.0
[06:19:20] [Server thread/INFO]: [ImageFrame] ImageFrame has been Disabled!
[06:19:20] [Server thread/INFO]: Saving players
[06:19:20] [Server thread/INFO]: Saving worlds
[06:19:20] [Server thread/INFO]: Saving chunks for level 'ServerLevel[world]'/minecraft:overworld
[06:19:20] [Server thread/INFO]: [ChunkHolderManager] Waiting 60s for chunk system to halt for world 'world'
[06:19:20] [Server thread/INFO]: [ChunkHolderManager] Halted chunk system for world 'world'
[06:19:20] [Server thread/INFO]: [ChunkHolderManager] Saving all chunkholders for world 'world'
[06:19:20] [Server thread/INFO]: [ChunkHolderManager] Saved 3 block chunks, 3 entity chunks, 0 poi chunks in world 'world' in 0.02s
[06:19:20] [Server thread/INFO]: Saving chunks for level 'ServerLevel[world_nether]'/minecraft:the_nether
[06:19:20] [Server thread/INFO]: [ChunkHolderManager] Waiting 60s for chunk system to halt for world 'world_nether'
[06:19:20] [Server thread/INFO]: [ChunkHolderManager] Halted chunk system for world 'world_nether'
[06:19:20] [Server thread/INFO]: [ChunkHolderManager] Saving all chunkholders for world 'world_nether'
[06:19:20] [Server thread/INFO]: [ChunkHolderManager] Saved 0 block chunks, 2 entity chunks, 0 poi chunks in world 'world_nether' in 0.00s
[06:19:20] [Server thread/INFO]: Saving chunks for level 'ServerLevel[world_the_end]'/minecraft:the_end
[06:19:20] [Server thread/INFO]: [ChunkHolderManager] Waiting 60s for chunk system to halt for world 'world_the_end'
[06:19:20] [Server thread/INFO]: [ChunkHolderManager] Halted chunk system for world 'world_the_end'
[06:19:20] [Server thread/INFO]: [ChunkHolderManager] Saving all chunkholders for world 'world_the_end'
[06:19:20] [Server thread/INFO]: [ChunkHolderManager] Saved 0 block chunks, 10 entity chunks, 0 poi chunks in world 'world_the_end' in 0.00s
[06:19:20] [Server thread/INFO]: ThreadedAnvilChunkStorage (world): All chunks are saved
[06:19:20] [Server thread/INFO]: ThreadedAnvilChunkStorage (DIM-1): All chunks are saved
[06:19:20] [Server thread/INFO]: ThreadedAnvilChunkStorage (DIM1): All chunks are saved
[06:19:20] [Server thread/INFO]: ThreadedAnvilChunkStorage: All dimensions are saved
